# JRE version: OpenJDK Runtime Environment Temurin-17.0.10+7 (17.0.10+7) (build 17.0.10+7)
# Java VM: OpenJDK 64-Bit Server VM Temurin-17.0.10+7 (17.0.10+7, mixed mode, emulated-client, tiered, compressed oops, compressed class ptrs, g1 gc, windows-amd64)
GC Precious Log:
 CPUs: 8 total, 8 available
 Memory: 6020M
 Large Page Support: Disabled
 NUMA Support: Disabled
 Compressed Oops: Enabled (32-bit)
 Heap Region Size: 1M
 Heap Min Capacity: 8M
 Heap Initial Capacity: 96M
 Heap Max Capacity: 1G
 Pre-touch: Disabled
 Parallel Workers: 8
 Concurrent Workers: 2
 Concurrent Refinement Workers: 8
 Periodic GC: Disabled
Heap:
 garbage-first heap   total 82944K, used 41282K [0x00000000c0000000, 0x0000000100000000)
  region size 1024K, 1 young (1024K), 0 survivors (0K)
 Metaspace       used 61097K, committed 61504K, reserved 1114112K
  class space    used 7652K, committed 7872K, reserved 1048576K
GC Heap History (20 events):
Event: 84821.873 GC heap before
{Heap before GC invocations=1381 (full 1348):
 garbage-first heap   total 82944K, used 41282K [0x00000000c0000000, 0x0000000100000000)
  region size 1024K, 1 young (1024K), 0 survivors (0K)
 Metaspace       used 61097K, committed 61504K, reserved 1114112K
  class space    used 7652K, committed 7872K, reserved 1048576K
}
Event: 84821.916 GC heap after
{Heap after GC invocations=1382 (full 1349):
 garbage-first heap   total 82944K, used 41282K [0x00000000c0000000, 0x0000000100000000)
  region size 1024K, 0 young (0K), 0 survivors (0K)
 Metaspace       used 61097K, committed 61504K, reserved 1114112K
  class space    used 7652K, committed 7872K, reserved 1048576K
}
Event: 84832.475 GC heap before
{Heap before GC invocations=1382 (full 1349):
 garbage-first heap   total 82944K, used 41282K [0x00000000c0000000, 0x0000000100000000)
  region size 1024K, 1 young (1024K), 0 survivors (0K)
 Metaspace       used 61097K, committed 61504K, reserved 1114112K
  class space    used 7652K, committed 7872K, reserved 1048576K
}
Event: 84832.519 GC heap after
{Heap after GC invocations=1383 (full 1350):
 garbage-first heap   total 82944K, used 41282K [0x00000000c0000000, 0x0000000100000000)
  region size 1024K, 0 young (0K), 0 survivors (0K)
 Metaspace       used 61097K, committed 61504K, reserved 1114112K
  class space    used 7652K, committed 7872K, reserved 1048576K
}
Event: 84843.169 GC heap before
{Heap before GC invocations=1383 (full 1350):
 garbage-first heap   total 82944K, used 41282K [0x00000000c0000000, 0x0000000100000000)
  region size 1024K, 1 young (1024K), 0 survivors (0K)
 Metaspace       used 61097K, committed 61504K, reserved 1114112K
  class space    used 7652K, committed 7872K, reserved 1048576K
}
Event: 84843.214 GC heap after
{Heap after GC invocations=1384 (full 1351):
 garbage-first heap   total 82944K, used 41282K [0x00000000c0000000, 0x0000000100000000)
  region size 1024K, 0 young (0K), 0 survivors (0K)
 Metaspace       used 61097K, committed 61504K, reserved 1114112K
  class space    used 7652K, committed 7872K, reserved 1048576K
}
Event: 84854.079 GC heap before
{Heap before GC invocations=1384 (full 1351):
 garbage-first heap   total 82944K, used 41282K [0x00000000c0000000, 0x0000000100000000)
  region size 1024K, 1 young (1024K), 0 survivors (0K)
 Metaspace       used 61097K, committed 61504K, reserved 1114112K
  class space    used 7652K, committed 7872K, reserved 1048576K
}
Event: 84854.130 GC heap after
{Heap after GC invocations=1385 (full 1352):
 garbage-first heap   total 82944K, used 41282K [0x00000000c0000000, 0x0000000100000000)
  region size 1024K, 0 young (0K), 0 survivors (0K)
 Metaspace       used 61097K, committed 61504K, reserved 1114112K
  class space    used 7652K, committed 7872K, reserved 1048576K
}
Event: 84864.903 GC heap before
{Heap before GC invocations=1385 (full 1352):
 garbage-first heap   total 82944K, used 41282K [0x00000000c0000000, 0x0000000100000000)
  region size 1024K, 1 young (1024K), 0 survivors (0K)
 Metaspace       used 61097K, committed 61504K, reserved 1114112K
  class space    used 7652K, committed 7872K, reserved 1048576K
}
Event: 84864.973 GC heap after
{Heap after GC invocations=1386 (full 1353):
 garbage-first heap   total 82944K, used 41282K [0x00000000c0000000, 0x0000000100000000)
  region size 1024K, 0 young (0K), 0 survivors (0K)
 Metaspace       used 61097K, committed 61504K, reserved 1114112K
  class space    used 7652K, committed 7872K, reserved 1048576K
}
Event: 84875.693 GC heap before
{Heap before GC invocations=1386 (full 1353):
 garbage-first heap   total 82944K, used 41282K [0x00000000c0000000, 0x0000000100000000)
  region size 1024K, 1 young (1024K), 0 survivors (0K)
 Metaspace       used 61097K, committed 61504K, reserved 1114112K
  class space    used 7652K, committed 7872K, reserved 1048576K
}
Event: 84875.764 GC heap after
{Heap after GC invocations=1387 (full 1354):
 garbage-first heap   total 82944K, used 41282K [0x00000000c0000000, 0x0000000100000000)
  region size 1024K, 0 young (0K), 0 survivors (0K)
 Metaspace       used 61097K, committed 61504K, reserved 1114112K
  class space    used 7652K, committed 7872K, reserved 1048576K
}
Event: 84886.610 GC heap before
{Heap before GC invocations=1387 (full 1354):
 garbage-first heap   total 82944K, used 41282K [0x00000000c0000000, 0x0000000100000000)
  region size 1024K, 1 young (1024K), 0 survivors (0K)
 Metaspace       used 61097K, committed 61504K, reserved 1114112K
  class space    used 7652K, committed 7872K, reserved 1048576K
}
Event: 84886.669 GC heap after
{Heap after GC invocations=1388 (full 1355):
 garbage-first heap   total 82944K, used 41282K [0x00000000c0000000, 0x0000000100000000)
  region size 1024K, 0 young (0K), 0 survivors (0K)
 Metaspace       used 61097K, committed 61504K, reserved 1114112K
  class space    used 7652K, committed 7872K, reserved 1048576K
}
Event: 84897.309 GC heap before
{Heap before GC invocations=1388 (full 1355):
 garbage-first heap   total 82944K, used 41282K [0x00000000c0000000, 0x0000000100000000)
  region size 1024K, 1 young (1024K), 0 survivors (0K)
 Metaspace       used 61097K, committed 61504K, reserved 1114112K
  class space    used 7652K, committed 7872K, reserved 1048576K
}
Event: 84897.357 GC heap after
{Heap after GC invocations=1389 (full 1356):
 garbage-first heap   total 82944K, used 41282K [0x00000000c0000000, 0x0000000100000000)
  region size 1024K, 0 young (0K), 0 survivors (0K)
 Metaspace       used 61097K, committed 61504K, reserved 1114112K
  class space    used 7652K, committed 7872K, reserved 1048576K
}
Event: 84908.054 GC heap before
{Heap before GC invocations=1389 (full 1356):
 garbage-first heap   total 82944K, used 41282K [0x00000000c0000000, 0x0000000100000000)
  region size 1024K, 1 young (1024K), 0 survivors (0K)
 Metaspace       used 61097K, committed 61504K, reserved 1114112K
  class space    used 7652K, committed 7872K, reserved 1048576K
}
Event: 84908.119 GC heap after
{Heap after GC invocations=1390 (full 1357):
 garbage-first heap   total 82944K, used 41282K [0x00000000c0000000, 0x0000000100000000)
  region size 1024K, 0 young (0K), 0 survivors (0K)
 Metaspace       used 61097K, committed 61504K, reserved 1114112K
  class space    used 7652K, committed 7872K, reserved 1048576K
}
Event: 84918.770 GC heap before
{Heap before GC invocations=1390 (full 1357):
 garbage-first heap   total 82944K, used 41282K [0x00000000c0000000, 0x0000000100000000)
  region size 1024K, 1 young (1024K), 0 survivors (0K)
 Metaspace       used 61097K, committed 61504K, reserved 1114112K
  class space    used 7652K, committed 7872K, reserved 1048576K
}
Event: 84918.823 GC heap after
{Heap after GC invocations=1391 (full 1358):
 garbage-first heap   total 82944K, used 41282K [0x00000000c0000000, 0x0000000100000000)
  region size 1024K, 0 young (0K), 0 survivors (0K)
 Metaspace       used 61097K, committed 61504K, reserved 1114112K
  class space    used 7652K, committed 7872K, reserved 1048576K
}

