# JRE version: OpenJDK Runtime Environment Temurin-17.0.10+7 (17.0.10+7) (build 17.0.10+7)
# Java VM: OpenJDK 64-Bit Server VM Temurin-17.0.10+7 (17.0.10+7, mixed mode, emulated-client, tiered, compressed oops, compressed class ptrs, g1 gc, windows-amd64)
GC Precious Log:
 CPUs: 8 total, 8 available
 Memory: 6020M
 Large Page Support: Disabled
 NUMA Support: Disabled
 Compressed Oops: Enabled (32-bit)
 Heap Region Size: 1M
 Heap Min Capacity: 8M
 Heap Initial Capacity: 96M
 Heap Max Capacity: 1G
 Pre-touch: Disabled
 Parallel Workers: 8
 Concurrent Workers: 2
 Concurrent Refinement Workers: 8
 Periodic GC: Disabled
Heap:
 garbage-first heap   total 78848K, used 24146K [0x00000000c0000000, 0x0000000100000000)
  region size 1024K, 1 young (1024K), 0 survivors (0K)
 Metaspace       used 38839K, committed 39424K, reserved 1114112K
  class space    used 5121K, committed 5376K, reserved 1048576K
GC Heap History (20 events):
Event: 665.047 GC heap before
{Heap before GC invocations=63 (full 55):
 garbage-first heap   total 78848K, used 24146K [0x00000000c0000000, 0x0000000100000000)
  region size 1024K, 1 young (1024K), 0 survivors (0K)
 Metaspace       used 38839K, committed 39424K, reserved 1114112K
  class space    used 5121K, committed 5376K, reserved 1048576K
}
Event: 665.082 GC heap after
{Heap after GC invocations=64 (full 56):
 garbage-first heap   total 78848K, used 24146K [0x00000000c0000000, 0x0000000100000000)
  region size 1024K, 0 young (0K), 0 survivors (0K)
 Metaspace       used 38839K, committed 39424K, reserved 1114112K
  class space    used 5121K, committed 5376K, reserved 1048576K
}
Event: 675.763 GC heap before
{Heap before GC invocations=64 (full 56):
 garbage-first heap   total 78848K, used 24146K [0x00000000c0000000, 0x0000000100000000)
  region size 1024K, 1 young (1024K), 0 survivors (0K)
 Metaspace       used 38839K, committed 39424K, reserved 1114112K
  class space    used 5121K, committed 5376K, reserved 1048576K
}
Event: 675.788 GC heap after
{Heap after GC invocations=65 (full 57):
 garbage-first heap   total 78848K, used 24146K [0x00000000c0000000, 0x0000000100000000)
  region size 1024K, 0 young (0K), 0 survivors (0K)
 Metaspace       used 38839K, committed 39424K, reserved 1114112K
  class space    used 5121K, committed 5376K, reserved 1048576K
}
Event: 686.664 GC heap before
{Heap before GC invocations=65 (full 57):
 garbage-first heap   total 78848K, used 24146K [0x00000000c0000000, 0x0000000100000000)
  region size 1024K, 1 young (1024K), 0 survivors (0K)
 Metaspace       used 38839K, committed 39424K, reserved 1114112K
  class space    used 5121K, committed 5376K, reserved 1048576K
}
Event: 686.706 GC heap after
{Heap after GC invocations=66 (full 58):
 garbage-first heap   total 78848K, used 24146K [0x00000000c0000000, 0x0000000100000000)
  region size 1024K, 0 young (0K), 0 survivors (0K)
 Metaspace       used 38839K, committed 39424K, reserved 1114112K
  class space    used 5121K, committed 5376K, reserved 1048576K
}
Event: 697.394 GC heap before
{Heap before GC invocations=66 (full 58):
 garbage-first heap   total 78848K, used 24146K [0x00000000c0000000, 0x0000000100000000)
  region size 1024K, 1 young (1024K), 0 survivors (0K)
 Metaspace       used 38839K, committed 39424K, reserved 1114112K
  class space    used 5121K, committed 5376K, reserved 1048576K
}
Event: 697.438 GC heap after
{Heap after GC invocations=67 (full 59):
 garbage-first heap   total 78848K, used 24146K [0x00000000c0000000, 0x0000000100000000)
  region size 1024K, 0 young (0K), 0 survivors (0K)
 Metaspace       used 38839K, committed 39424K, reserved 1114112K
  class space    used 5121K, committed 5376K, reserved 1048576K
}
Event: 708.085 GC heap before
{Heap before GC invocations=67 (full 59):
 garbage-first heap   total 78848K, used 24146K [0x00000000c0000000, 0x0000000100000000)
  region size 1024K, 1 young (1024K), 0 survivors (0K)
 Metaspace       used 38839K, committed 39424K, reserved 1114112K
  class space    used 5121K, committed 5376K, reserved 1048576K
}
Event: 708.130 GC heap after
{Heap after GC invocations=68 (full 60):
 garbage-first heap   total 78848K, used 24146K [0x00000000c0000000, 0x0000000100000000)
  region size 1024K, 0 young (0K), 0 survivors (0K)
 Metaspace       used 38839K, committed 39424K, reserved 1114112K
  class space    used 5121K, committed 5376K, reserved 1048576K
}
Event: 718.801 GC heap before
{Heap before GC invocations=68 (full 60):
 garbage-first heap   total 78848K, used 24146K [0x00000000c0000000, 0x0000000100000000)
  region size 1024K, 1 young (1024K), 0 survivors (0K)
 Metaspace       used 38839K, committed 39424K, reserved 1114112K
  class space    used 5121K, committed 5376K, reserved 1048576K
}
Event: 718.841 GC heap after
{Heap after GC invocations=69 (full 61):
 garbage-first heap   total 78848K, used 24146K [0x00000000c0000000, 0x0000000100000000)
  region size 1024K, 0 young (0K), 0 survivors (0K)
 Metaspace       used 38839K, committed 39424K, reserved 1114112K
  class space    used 5121K, committed 5376K, reserved 1048576K
}
Event: 729.583 GC heap before
{Heap before GC invocations=69 (full 61):
 garbage-first heap   total 78848K, used 24146K [0x00000000c0000000, 0x0000000100000000)
  region size 1024K, 1 young (1024K), 0 survivors (0K)
 Metaspace       used 38839K, committed 39424K, reserved 1114112K
  class space    used 5121K, committed 5376K, reserved 1048576K
}
Event: 729.621 GC heap after
{Heap after GC invocations=70 (full 62):
 garbage-first heap   total 78848K, used 24146K [0x00000000c0000000, 0x0000000100000000)
  region size 1024K, 0 young (0K), 0 survivors (0K)
 Metaspace       used 38839K, committed 39424K, reserved 1114112K
  class space    used 5121K, committed 5376K, reserved 1048576K
}
Event: 740.384 GC heap before
{Heap before GC invocations=70 (full 62):
 garbage-first heap   total 78848K, used 24146K [0x00000000c0000000, 0x0000000100000000)
  region size 1024K, 1 young (1024K), 0 survivors (0K)
 Metaspace       used 38839K, committed 39424K, reserved 1114112K
  class space    used 5121K, committed 5376K, reserved 1048576K
}
Event: 740.434 GC heap after
{Heap after GC invocations=71 (full 63):
 garbage-first heap   total 78848K, used 24146K [0x00000000c0000000, 0x0000000100000000)
  region size 1024K, 0 young (0K), 0 survivors (0K)
 Metaspace       used 38839K, committed 39424K, reserved 1114112K
  class space    used 5121K, committed 5376K, reserved 1048576K
}
Event: 751.414 GC heap before
{Heap before GC invocations=71 (full 63):
 garbage-first heap   total 78848K, used 24146K [0x00000000c0000000, 0x0000000100000000)
  region size 1024K, 1 young (1024K), 0 survivors (0K)
 Metaspace       used 38839K, committed 39424K, reserved 1114112K
  class space    used 5121K, committed 5376K, reserved 1048576K
}
Event: 751.443 GC heap after
{Heap after GC invocations=72 (full 64):
 garbage-first heap   total 78848K, used 24146K [0x00000000c0000000, 0x0000000100000000)
  region size 1024K, 0 young (0K), 0 survivors (0K)
 Metaspace       used 38839K, committed 39424K, reserved 1114112K
  class space    used 5121K, committed 5376K, reserved 1048576K
}
Event: 762.197 GC heap before
{Heap before GC invocations=72 (full 64):
 garbage-first heap   total 78848K, used 24146K [0x00000000c0000000, 0x0000000100000000)
  region size 1024K, 1 young (1024K), 0 survivors (0K)
 Metaspace       used 38839K, committed 39424K, reserved 1114112K
  class space    used 5121K, committed 5376K, reserved 1048576K
}
Event: 762.244 GC heap after
{Heap after GC invocations=73 (full 65):
 garbage-first heap   total 78848K, used 24146K [0x00000000c0000000, 0x0000000100000000)
  region size 1024K, 0 young (0K), 0 survivors (0K)
 Metaspace       used 38839K, committed 39424K, reserved 1114112K
  class space    used 5121K, committed 5376K, reserved 1048576K
}

