# JRE version: Java(TM) SE Runtime Environment (17.0.10+11) (build 17.0.10+11-LTS-240)
# Java VM: Java HotSpot(TM) 64-Bit Server VM (17.0.10+11-LTS-240, mixed mode, sharing, tiered, compressed oops, compressed class ptrs, g1 gc, windows-amd64)
GC Precious Log:
 CPUs: 8 total, 8 available
 Memory: 6020M
 Large Page Support: Disabled
 NUMA Support: Disabled
 Compressed Oops: Enabled (32-bit)
 Heap Region Size: 1M
 Heap Min Capacity: 8M
 Heap Initial Capacity: 96M
 Heap Max Capacity: 1506M
 Pre-touch: Disabled
 Parallel Workers: 8
 Concurrent Workers: 2
 Concurrent Refinement Workers: 8
 Periodic GC: Disabled
Heap:
 garbage-first heap   total 242688K, used 77873K [0x00000000a1e00000, 0x0000000100000000)
  region size 1024K, 8 young (8192K), 8 survivors (8192K)
 Metaspace       used 106645K, committed 107968K, reserved 1179648K
  class space    used 13399K, committed 14080K, reserved 1048576K
GC Heap History (20 events):
Event: 2286.305 GC heap after
{Heap after GC invocations=107 (full 6):
 garbage-first heap   total 273408K, used 91930K [0x00000000a1e00000, 0x0000000100000000)
  region size 1024K, 10 young (10240K), 10 survivors (10240K)
 Metaspace       used 104841K, committed 106240K, reserved 1179648K
  class space    used 13294K, committed 14016K, reserved 1048576K
}
Event: 2361.868 GC heap before
{Heap before GC invocations=108 (full 6):
 garbage-first heap   total 273408K, used 220954K [0x00000000a1e00000, 0x0000000100000000)
  region size 1024K, 136 young (139264K), 10 survivors (10240K)
 Metaspace       used 105316K, committed 106688K, reserved 1179648K
  class space    used 13321K, committed 14016K, reserved 1048576K
}
Event: 2361.998 GC heap after
{Heap after GC invocations=109 (full 6):
 garbage-first heap   total 273408K, used 94454K [0x00000000a1e00000, 0x0000000100000000)
  region size 1024K, 13 young (13312K), 13 survivors (13312K)
 Metaspace       used 105316K, committed 106688K, reserved 1179648K
  class space    used 13321K, committed 14016K, reserved 1048576K
}
Event: 2362.033 GC heap before
{Heap before GC invocations=109 (full 6):
 garbage-first heap   total 273408K, used 95478K [0x00000000a1e00000, 0x0000000100000000)
  region size 1024K, 14 young (14336K), 13 survivors (13312K)
 Metaspace       used 105318K, committed 106688K, reserved 1179648K
  class space    used 13321K, committed 14016K, reserved 1048576K
}
Event: 2362.087 GC heap after
{Heap after GC invocations=110 (full 6):
 garbage-first heap   total 273408K, used 93815K [0x00000000a1e00000, 0x0000000100000000)
  region size 1024K, 2 young (2048K), 2 survivors (2048K)
 Metaspace       used 105318K, committed 106688K, reserved 1179648K
  class space    used 13321K, committed 14016K, reserved 1048576K
}
Event: 2363.206 GC heap before
{Heap before GC invocations=110 (full 6):
 garbage-first heap   total 273408K, used 157303K [0x00000000a1e00000, 0x0000000100000000)
  region size 1024K, 65 young (66560K), 2 survivors (2048K)
 Metaspace       used 105494K, committed 106816K, reserved 1179648K
  class space    used 13334K, committed 14016K, reserved 1048576K
}
Event: 2363.222 GC heap after
{Heap after GC invocations=111 (full 6):
 garbage-first heap   total 273408K, used 95846K [0x00000000a1e00000, 0x0000000100000000)
  region size 1024K, 4 young (4096K), 4 survivors (4096K)
 Metaspace       used 105494K, committed 106816K, reserved 1179648K
  class space    used 13334K, committed 14016K, reserved 1048576K
}
Event: 2413.912 GC heap before
{Heap before GC invocations=112 (full 6):
 garbage-first heap   total 273408K, used 221798K [0x00000000a1e00000, 0x0000000100000000)
  region size 1024K, 126 young (129024K), 4 survivors (4096K)
 Metaspace       used 105754K, committed 107072K, reserved 1179648K
  class space    used 13341K, committed 14016K, reserved 1048576K
}
Event: 2414.047 GC heap after
{Heap after GC invocations=113 (full 6):
 garbage-first heap   total 273408K, used 99340K [0x00000000a1e00000, 0x0000000100000000)
  region size 1024K, 9 young (9216K), 9 survivors (9216K)
 Metaspace       used 105754K, committed 107072K, reserved 1179648K
  class space    used 13341K, committed 14016K, reserved 1048576K
}
Event: 2414.102 GC heap before
{Heap before GC invocations=113 (full 6):
 garbage-first heap   total 273408K, used 103436K [0x00000000a1e00000, 0x0000000100000000)
  region size 1024K, 13 young (13312K), 9 survivors (9216K)
 Metaspace       used 105756K, committed 107072K, reserved 1179648K
  class space    used 13341K, committed 14016K, reserved 1048576K
}
Event: 2414.161 GC heap after
{Heap after GC invocations=114 (full 6):
 garbage-first heap   total 273408K, used 80214K [0x00000000a1e00000, 0x0000000100000000)
  region size 1024K, 2 young (2048K), 2 survivors (2048K)
 Metaspace       used 105756K, committed 107072K, reserved 1179648K
  class space    used 13341K, committed 14016K, reserved 1048576K
}
Event: 2415.221 GC heap before
{Heap before GC invocations=114 (full 6):
 garbage-first heap   total 273408K, used 120150K [0x00000000a1e00000, 0x0000000100000000)
  region size 1024K, 42 young (43008K), 2 survivors (2048K)
 Metaspace       used 105808K, committed 107072K, reserved 1179648K
  class space    used 13341K, committed 14016K, reserved 1048576K
}
Event: 2415.230 GC heap after
{Heap after GC invocations=115 (full 6):
 garbage-first heap   total 273408K, used 81524K [0x00000000a1e00000, 0x0000000100000000)
  region size 1024K, 3 young (3072K), 3 survivors (3072K)
 Metaspace       used 105808K, committed 107072K, reserved 1179648K
  class space    used 13341K, committed 14016K, reserved 1048576K
}
Event: 2419.862 GC heap before
{Heap before GC invocations=116 (full 6):
 garbage-first heap   total 273408K, used 222836K [0x00000000a1e00000, 0x0000000100000000)
  region size 1024K, 139 young (142336K), 3 survivors (3072K)
 Metaspace       used 106216K, committed 107520K, reserved 1179648K
  class space    used 13368K, committed 14080K, reserved 1048576K
}
Event: 2419.902 GC heap after
{Heap after GC invocations=117 (full 6):
 garbage-first heap   total 273408K, used 88216K [0x00000000a1e00000, 0x0000000100000000)
  region size 1024K, 8 young (8192K), 8 survivors (8192K)
 Metaspace       used 106216K, committed 107520K, reserved 1179648K
  class space    used 13368K, committed 14080K, reserved 1048576K
}
Event: 2420.013 GC heap before
{Heap before GC invocations=117 (full 6):
 garbage-first heap   total 273408K, used 93336K [0x00000000a1e00000, 0x0000000100000000)
  region size 1024K, 13 young (13312K), 8 survivors (8192K)
 Metaspace       used 106216K, committed 107520K, reserved 1179648K
  class space    used 13368K, committed 14080K, reserved 1048576K
}
Event: 2420.072 GC heap after
{Heap after GC invocations=118 (full 6):
 garbage-first heap   total 273408K, used 86103K [0x00000000a1e00000, 0x0000000100000000)
  region size 1024K, 1 young (1024K), 1 survivors (1024K)
 Metaspace       used 106216K, committed 107520K, reserved 1179648K
  class space    used 13368K, committed 14080K, reserved 1048576K
}
Event: 2477.068 GC heap before
{Heap before GC invocations=118 (full 6):
 garbage-first heap   total 273408K, used 204887K [0x00000000a1e00000, 0x0000000100000000)
  region size 1024K, 118 young (120832K), 1 survivors (1024K)
 Metaspace       used 106243K, committed 107584K, reserved 1179648K
  class space    used 13369K, committed 14080K, reserved 1048576K
}
Event: 2478.597 GC heap after
{Heap after GC invocations=119 (full 7):
 garbage-first heap   total 242688K, used 70392K [0x00000000a1e00000, 0x0000000100000000)
  region size 1024K, 0 young (0K), 0 survivors (0K)
 Metaspace       used 106243K, committed 107584K, reserved 1179648K
  class space    used 13369K, committed 14080K, reserved 1048576K
}
Event: 2485.039 GC heap before
{Heap before GC invocations=119 (full 7):
 garbage-first heap   total 242688K, used 186104K [0x00000000a1e00000, 0x0000000100000000)
  region size 1024K, 114 young (116736K), 0 survivors (0K)
 Metaspace       used 106645K, committed 107968K, reserved 1179648K
  class space    used 13399K, committed 14080K, reserved 1048576K
}

