# JRE version: OpenJDK Runtime Environment Temurin-17.0.10+7 (17.0.10+7) (build 17.0.10+7)
# Java VM: OpenJDK 64-Bit Server VM Temurin-17.0.10+7 (17.0.10+7, mixed mode, emulated-client, tiered, compressed oops, compressed class ptrs, g1 gc, windows-amd64)
GC Precious Log:
 CPUs: 8 total, 8 available
 Memory: 6020M
 Large Page Support: Disabled
 NUMA Support: Disabled
 Compressed Oops: Enabled (32-bit)
 Heap Region Size: 1M
 Heap Min Capacity: 8M
 Heap Initial Capacity: 96M
 Heap Max Capacity: 1G
 Pre-touch: Disabled
 Parallel Workers: 8
 Concurrent Workers: 2
 Concurrent Refinement Workers: 8
 Periodic GC: Disabled
Heap:
 garbage-first heap   total 117760K, used 38269K [0x00000000c0000000, 0x0000000100000000)
  region size 1024K, 1 young (1024K), 0 survivors (0K)
 Metaspace       used 59689K, committed 60160K, reserved 1114112K
  class space    used 7418K, committed 7616K, reserved 1048576K
GC Heap History (20 events):
Event: 3487.432 GC heap before
{Heap before GC invocations=243 (full 226):
 garbage-first heap   total 117760K, used 38269K [0x00000000c0000000, 0x0000000100000000)
  region size 1024K, 1 young (1024K), 0 survivors (0K)
 Metaspace       used 59689K, committed 60160K, reserved 1114112K
  class space    used 7418K, committed 7616K, reserved 1048576K
}
Event: 3487.511 GC heap after
{Heap after GC invocations=244 (full 227):
 garbage-first heap   total 117760K, used 38269K [0x00000000c0000000, 0x0000000100000000)
  region size 1024K, 0 young (0K), 0 survivors (0K)
 Metaspace       used 59689K, committed 60160K, reserved 1114112K
  class space    used 7418K, committed 7616K, reserved 1048576K
}
Event: 3498.290 GC heap before
{Heap before GC invocations=244 (full 227):
 garbage-first heap   total 117760K, used 38269K [0x00000000c0000000, 0x0000000100000000)
  region size 1024K, 1 young (1024K), 0 survivors (0K)
 Metaspace       used 59689K, committed 60160K, reserved 1114112K
  class space    used 7418K, committed 7616K, reserved 1048576K
}
Event: 3498.375 GC heap after
{Heap after GC invocations=245 (full 228):
 garbage-first heap   total 117760K, used 38269K [0x00000000c0000000, 0x0000000100000000)
  region size 1024K, 0 young (0K), 0 survivors (0K)
 Metaspace       used 59689K, committed 60160K, reserved 1114112K
  class space    used 7418K, committed 7616K, reserved 1048576K
}
Event: 3509.238 GC heap before
{Heap before GC invocations=245 (full 228):
 garbage-first heap   total 117760K, used 38269K [0x00000000c0000000, 0x0000000100000000)
  region size 1024K, 1 young (1024K), 0 survivors (0K)
 Metaspace       used 59689K, committed 60160K, reserved 1114112K
  class space    used 7418K, committed 7616K, reserved 1048576K
}
Event: 3509.304 GC heap after
{Heap after GC invocations=246 (full 229):
 garbage-first heap   total 117760K, used 38269K [0x00000000c0000000, 0x0000000100000000)
  region size 1024K, 0 young (0K), 0 survivors (0K)
 Metaspace       used 59689K, committed 60160K, reserved 1114112K
  class space    used 7418K, committed 7616K, reserved 1048576K
}
Event: 3520.398 GC heap before
{Heap before GC invocations=246 (full 229):
 garbage-first heap   total 117760K, used 38269K [0x00000000c0000000, 0x0000000100000000)
  region size 1024K, 1 young (1024K), 0 survivors (0K)
 Metaspace       used 59689K, committed 60160K, reserved 1114112K
  class space    used 7418K, committed 7616K, reserved 1048576K
}
Event: 3520.454 GC heap after
{Heap after GC invocations=247 (full 230):
 garbage-first heap   total 117760K, used 38269K [0x00000000c0000000, 0x0000000100000000)
  region size 1024K, 0 young (0K), 0 survivors (0K)
 Metaspace       used 59689K, committed 60160K, reserved 1114112K
  class space    used 7418K, committed 7616K, reserved 1048576K
}
Event: 3531.402 GC heap before
{Heap before GC invocations=247 (full 230):
 garbage-first heap   total 117760K, used 38269K [0x00000000c0000000, 0x0000000100000000)
  region size 1024K, 1 young (1024K), 0 survivors (0K)
 Metaspace       used 59689K, committed 60160K, reserved 1114112K
  class space    used 7418K, committed 7616K, reserved 1048576K
}
Event: 3531.481 GC heap after
{Heap after GC invocations=248 (full 231):
 garbage-first heap   total 117760K, used 38269K [0x00000000c0000000, 0x0000000100000000)
  region size 1024K, 0 young (0K), 0 survivors (0K)
 Metaspace       used 59689K, committed 60160K, reserved 1114112K
  class space    used 7418K, committed 7616K, reserved 1048576K
}
Event: 3542.332 GC heap before
{Heap before GC invocations=248 (full 231):
 garbage-first heap   total 117760K, used 38269K [0x00000000c0000000, 0x0000000100000000)
  region size 1024K, 1 young (1024K), 0 survivors (0K)
 Metaspace       used 59689K, committed 60160K, reserved 1114112K
  class space    used 7418K, committed 7616K, reserved 1048576K
}
Event: 3542.413 GC heap after
{Heap after GC invocations=249 (full 232):
 garbage-first heap   total 117760K, used 38269K [0x00000000c0000000, 0x0000000100000000)
  region size 1024K, 0 young (0K), 0 survivors (0K)
 Metaspace       used 59689K, committed 60160K, reserved 1114112K
  class space    used 7418K, committed 7616K, reserved 1048576K
}
Event: 3553.287 GC heap before
{Heap before GC invocations=249 (full 232):
 garbage-first heap   total 117760K, used 38269K [0x00000000c0000000, 0x0000000100000000)
  region size 1024K, 1 young (1024K), 0 survivors (0K)
 Metaspace       used 59689K, committed 60160K, reserved 1114112K
  class space    used 7418K, committed 7616K, reserved 1048576K
}
Event: 3553.347 GC heap after
{Heap after GC invocations=250 (full 233):
 garbage-first heap   total 117760K, used 38269K [0x00000000c0000000, 0x0000000100000000)
  region size 1024K, 0 young (0K), 0 survivors (0K)
 Metaspace       used 59689K, committed 60160K, reserved 1114112K
  class space    used 7418K, committed 7616K, reserved 1048576K
}
Event: 3564.158 GC heap before
{Heap before GC invocations=250 (full 233):
 garbage-first heap   total 117760K, used 38269K [0x00000000c0000000, 0x0000000100000000)
  region size 1024K, 1 young (1024K), 0 survivors (0K)
 Metaspace       used 59689K, committed 60160K, reserved 1114112K
  class space    used 7418K, committed 7616K, reserved 1048576K
}
Event: 3564.220 GC heap after
{Heap after GC invocations=251 (full 234):
 garbage-first heap   total 117760K, used 38269K [0x00000000c0000000, 0x0000000100000000)
  region size 1024K, 0 young (0K), 0 survivors (0K)
 Metaspace       used 59689K, committed 60160K, reserved 1114112K
  class space    used 7418K, committed 7616K, reserved 1048576K
}
Event: 3575.279 GC heap before
{Heap before GC invocations=251 (full 234):
 garbage-first heap   total 117760K, used 38269K [0x00000000c0000000, 0x0000000100000000)
  region size 1024K, 1 young (1024K), 0 survivors (0K)
 Metaspace       used 59689K, committed 60160K, reserved 1114112K
  class space    used 7418K, committed 7616K, reserved 1048576K
}
Event: 3575.334 GC heap after
{Heap after GC invocations=252 (full 235):
 garbage-first heap   total 117760K, used 38269K [0x00000000c0000000, 0x0000000100000000)
  region size 1024K, 0 young (0K), 0 survivors (0K)
 Metaspace       used 59689K, committed 60160K, reserved 1114112K
  class space    used 7418K, committed 7616K, reserved 1048576K
}
Event: 3586.622 GC heap before
{Heap before GC invocations=252 (full 235):
 garbage-first heap   total 117760K, used 38269K [0x00000000c0000000, 0x0000000100000000)
  region size 1024K, 1 young (1024K), 0 survivors (0K)
 Metaspace       used 59689K, committed 60160K, reserved 1114112K
  class space    used 7418K, committed 7616K, reserved 1048576K
}
Event: 3586.684 GC heap after
{Heap after GC invocations=253 (full 236):
 garbage-first heap   total 117760K, used 38269K [0x00000000c0000000, 0x0000000100000000)
  region size 1024K, 0 young (0K), 0 survivors (0K)
 Metaspace       used 59689K, committed 60160K, reserved 1114112K
  class space    used 7418K, committed 7616K, reserved 1048576K
}

