# JRE version: OpenJDK Runtime Environment Temurin-17.0.10+7 (17.0.10+7) (build 17.0.10+7)
# Java VM: OpenJDK 64-Bit Server VM Temurin-17.0.10+7 (17.0.10+7, mixed mode, emulated-client, tiered, compressed oops, compressed class ptrs, g1 gc, windows-amd64)
GC Precious Log:
 CPUs: 8 total, 8 available
 Memory: 6020M
 Large Page Support: Disabled
 NUMA Support: Disabled
 Compressed Oops: Enabled (32-bit)
 Heap Region Size: 1M
 Heap Min Capacity: 8M
 Heap Initial Capacity: 96M
 Heap Max Capacity: 1G
 Pre-touch: Disabled
 Parallel Workers: 8
 Concurrent Workers: 2
 Concurrent Refinement Workers: 8
 Periodic GC: Disabled
Heap:
 garbage-first heap   total 126976K, used 37102K [0x00000000c0000000, 0x0000000100000000)
  region size 1024K, 1 young (1024K), 0 survivors (0K)
 Metaspace       used 60639K, committed 61184K, reserved 1114112K
  class space    used 7583K, committed 7808K, reserved 1048576K
GC Heap History (20 events):
Event: 277899.105 GC heap before
{Heap before GC invocations=10440 (full 10269):
 garbage-first heap   total 126976K, used 37102K [0x00000000c0000000, 0x0000000100000000)
  region size 1024K, 1 young (1024K), 0 survivors (0K)
 Metaspace       used 60639K, committed 61184K, reserved 1114112K
  class space    used 7583K, committed 7808K, reserved 1048576K
}
Event: 277899.151 GC heap after
{Heap after GC invocations=10441 (full 10270):
 garbage-first heap   total 126976K, used 37102K [0x00000000c0000000, 0x0000000100000000)
  region size 1024K, 0 young (0K), 0 survivors (0K)
 Metaspace       used 60639K, committed 61184K, reserved 1114112K
  class space    used 7583K, committed 7808K, reserved 1048576K
}
Event: 277909.750 GC heap before
{Heap before GC invocations=10441 (full 10270):
 garbage-first heap   total 126976K, used 37102K [0x00000000c0000000, 0x0000000100000000)
  region size 1024K, 1 young (1024K), 0 survivors (0K)
 Metaspace       used 60639K, committed 61184K, reserved 1114112K
  class space    used 7583K, committed 7808K, reserved 1048576K
}
Event: 277909.801 GC heap after
{Heap after GC invocations=10442 (full 10271):
 garbage-first heap   total 126976K, used 37102K [0x00000000c0000000, 0x0000000100000000)
  region size 1024K, 0 young (0K), 0 survivors (0K)
 Metaspace       used 60639K, committed 61184K, reserved 1114112K
  class space    used 7583K, committed 7808K, reserved 1048576K
}
Event: 277920.362 GC heap before
{Heap before GC invocations=10442 (full 10271):
 garbage-first heap   total 126976K, used 37102K [0x00000000c0000000, 0x0000000100000000)
  region size 1024K, 1 young (1024K), 0 survivors (0K)
 Metaspace       used 60639K, committed 61184K, reserved 1114112K
  class space    used 7583K, committed 7808K, reserved 1048576K
}
Event: 277920.409 GC heap after
{Heap after GC invocations=10443 (full 10272):
 garbage-first heap   total 126976K, used 37102K [0x00000000c0000000, 0x0000000100000000)
  region size 1024K, 0 young (0K), 0 survivors (0K)
 Metaspace       used 60639K, committed 61184K, reserved 1114112K
  class space    used 7583K, committed 7808K, reserved 1048576K
}
Event: 277930.951 GC heap before
{Heap before GC invocations=10443 (full 10272):
 garbage-first heap   total 126976K, used 37102K [0x00000000c0000000, 0x0000000100000000)
  region size 1024K, 1 young (1024K), 0 survivors (0K)
 Metaspace       used 60639K, committed 61184K, reserved 1114112K
  class space    used 7583K, committed 7808K, reserved 1048576K
}
Event: 277931.002 GC heap after
{Heap after GC invocations=10444 (full 10273):
 garbage-first heap   total 126976K, used 37102K [0x00000000c0000000, 0x0000000100000000)
  region size 1024K, 0 young (0K), 0 survivors (0K)
 Metaspace       used 60639K, committed 61184K, reserved 1114112K
  class space    used 7583K, committed 7808K, reserved 1048576K
}
Event: 277941.496 GC heap before
{Heap before GC invocations=10444 (full 10273):
 garbage-first heap   total 126976K, used 37102K [0x00000000c0000000, 0x0000000100000000)
  region size 1024K, 1 young (1024K), 0 survivors (0K)
 Metaspace       used 60639K, committed 61184K, reserved 1114112K
  class space    used 7583K, committed 7808K, reserved 1048576K
}
Event: 277941.545 GC heap after
{Heap after GC invocations=10445 (full 10274):
 garbage-first heap   total 126976K, used 37102K [0x00000000c0000000, 0x0000000100000000)
  region size 1024K, 0 young (0K), 0 survivors (0K)
 Metaspace       used 60639K, committed 61184K, reserved 1114112K
  class space    used 7583K, committed 7808K, reserved 1048576K
}
Event: 277952.119 GC heap before
{Heap before GC invocations=10445 (full 10274):
 garbage-first heap   total 126976K, used 37102K [0x00000000c0000000, 0x0000000100000000)
  region size 1024K, 1 young (1024K), 0 survivors (0K)
 Metaspace       used 60639K, committed 61184K, reserved 1114112K
  class space    used 7583K, committed 7808K, reserved 1048576K
}
Event: 277952.170 GC heap after
{Heap after GC invocations=10446 (full 10275):
 garbage-first heap   total 126976K, used 37102K [0x00000000c0000000, 0x0000000100000000)
  region size 1024K, 0 young (0K), 0 survivors (0K)
 Metaspace       used 60639K, committed 61184K, reserved 1114112K
  class space    used 7583K, committed 7808K, reserved 1048576K
}
Event: 277962.729 GC heap before
{Heap before GC invocations=10446 (full 10275):
 garbage-first heap   total 126976K, used 37102K [0x00000000c0000000, 0x0000000100000000)
  region size 1024K, 1 young (1024K), 0 survivors (0K)
 Metaspace       used 60639K, committed 61184K, reserved 1114112K
  class space    used 7583K, committed 7808K, reserved 1048576K
}
Event: 277962.789 GC heap after
{Heap after GC invocations=10447 (full 10276):
 garbage-first heap   total 126976K, used 37102K [0x00000000c0000000, 0x0000000100000000)
  region size 1024K, 0 young (0K), 0 survivors (0K)
 Metaspace       used 60639K, committed 61184K, reserved 1114112K
  class space    used 7583K, committed 7808K, reserved 1048576K
}
Event: 277973.348 GC heap before
{Heap before GC invocations=10447 (full 10276):
 garbage-first heap   total 126976K, used 37102K [0x00000000c0000000, 0x0000000100000000)
  region size 1024K, 1 young (1024K), 0 survivors (0K)
 Metaspace       used 60639K, committed 61184K, reserved 1114112K
  class space    used 7583K, committed 7808K, reserved 1048576K
}
Event: 277973.395 GC heap after
{Heap after GC invocations=10448 (full 10277):
 garbage-first heap   total 126976K, used 37102K [0x00000000c0000000, 0x0000000100000000)
  region size 1024K, 0 young (0K), 0 survivors (0K)
 Metaspace       used 60639K, committed 61184K, reserved 1114112K
  class space    used 7583K, committed 7808K, reserved 1048576K
}
Event: 277984.014 GC heap before
{Heap before GC invocations=10448 (full 10277):
 garbage-first heap   total 126976K, used 37102K [0x00000000c0000000, 0x0000000100000000)
  region size 1024K, 1 young (1024K), 0 survivors (0K)
 Metaspace       used 60639K, committed 61184K, reserved 1114112K
  class space    used 7583K, committed 7808K, reserved 1048576K
}
Event: 277984.058 GC heap after
{Heap after GC invocations=10449 (full 10278):
 garbage-first heap   total 126976K, used 37102K [0x00000000c0000000, 0x0000000100000000)
  region size 1024K, 0 young (0K), 0 survivors (0K)
 Metaspace       used 60639K, committed 61184K, reserved 1114112K
  class space    used 7583K, committed 7808K, reserved 1048576K
}
Event: 277994.694 GC heap before
{Heap before GC invocations=10449 (full 10278):
 garbage-first heap   total 126976K, used 37102K [0x00000000c0000000, 0x0000000100000000)
  region size 1024K, 1 young (1024K), 0 survivors (0K)
 Metaspace       used 60639K, committed 61184K, reserved 1114112K
  class space    used 7583K, committed 7808K, reserved 1048576K
}
Event: 277994.759 GC heap after
{Heap after GC invocations=10450 (full 10279):
 garbage-first heap   total 126976K, used 37102K [0x00000000c0000000, 0x0000000100000000)
  region size 1024K, 0 young (0K), 0 survivors (0K)
 Metaspace       used 60639K, committed 61184K, reserved 1114112K
  class space    used 7583K, committed 7808K, reserved 1048576K
}

