<?xml version="1.0" encoding="UTF-8"?>
<testsuite xmlns:xsi="http://www.w3.org/2001/XMLSchema-instance" xsi:noNamespaceSchemaLocation="https://maven.apache.org/surefire/maven-surefire-plugin/xsd/surefire-test-report-3.0.xsd" version="3.0" name="fi.haagahelia.quizzer.QuestionControllerTest" time="16.22" tests="1" errors="0" skipped="0" failures="0">
  <properties>
[...]
</properties>
  <testcase name="getQuestionsByQuizIdReturnsEmptyListWhenQuizDoesNotHaveQuestions" classname="fi.haagahelia.quizzer.QuestionControllerTest" time="1.595">
    <system-out><![CDATA[23:55:14.541 [main] INFO org.springframework.test.context.support.AnnotationConfigContextLoaderUtils -- Could not detect default configuration classes for test class [fi.haagahelia.quizzer.QuestionControllerTest]: QuestionControllerTest does not declare any static, non-private, non-final, nested classes annotated with @Configuration.
23:55:14.807 [main] INFO org.springframework.boot.test.context.SpringBootTestContextBootstrapper -- Found @SpringBootConfiguration fi.haagahelia.quizzer.QuizzerApplication for test class fi.haagahelia.quizzer.QuestionControllerTest
23:55:15.229 [main] INFO org.springframework.boot.devtools.restart.RestartApplicationListener -- Restart disabled due to context in which it is running

  .   ____          _            __ _ _
 /\\ / ___'_ __ _ _(_)_ __  __ _ \ \ \ \
( ( )\___ | '_ | '_| | '_ \/ _` | \ \ \ \
 \\/  ___)| |_)| | | | | || (_| |  ) ) ) )
  '  |____| .__|_| |_|_| |_\__, | / / / /
 =========|_|==============|___/=/_/_/_/
 :: Spring Boot ::                (v3.2.0)

2024-05-15T23:55:15.675+03:00  INFO 41720 --- [           main] f.h.quizzer.QuestionControllerTest       : Starting QuestionControllerTest using Java 17.0.10 with PID 41720 (started by Admin in C:\Users\tasha\Desktop\HH\Software development 1\quizzer_app)
2024-05-15T23:55:15.675+03:00  INFO 41720 --- [           main] f.h.quizzer.QuestionControllerTest       : No active profile set, falling back to 1 default profile: "default"
2024-05-15T23:55:18.119+03:00  INFO 41720 --- [           main] .s.d.r.c.RepositoryConfigurationDelegate : Bootstrapping Spring Data JPA repositories in DEFAULT mode.
2024-05-15T23:55:18.244+03:00  INFO 41720 --- [           main] .s.d.r.c.RepositoryConfigurationDelegate : Finished Spring Data repository scanning in 106 ms. Found 6 JPA repository interfaces.
2024-05-15T23:55:19.823+03:00  INFO 41720 --- [           main] o.hibernate.jpa.internal.util.LogHelper  : HHH000204: Processing PersistenceUnitInfo [name: default]
2024-05-15T23:55:20.026+03:00  INFO 41720 --- [           main] org.hibernate.Version                    : HHH000412: Hibernate ORM core version 6.3.1.Final
2024-05-15T23:55:20.152+03:00  INFO 41720 --- [           main] o.h.c.internal.RegionFactoryInitiator    : HHH000026: Second-level cache disabled
2024-05-15T23:55:20.824+03:00  INFO 41720 --- [           main] o.s.o.j.p.SpringPersistenceUnitInfo      : No LoadTimeWeaver setup: ignoring JPA class transformer
2024-05-15T23:55:20.902+03:00  INFO 41720 --- [           main] com.zaxxer.hikari.HikariDataSource       : HikariPool-1 - Starting...
2024-05-15T23:55:21.403+03:00  INFO 41720 --- [           main] com.zaxxer.hikari.pool.HikariPool        : HikariPool-1 - Added connection conn0: url=jdbc:h2:file:~/quizzer user=ADMIN
2024-05-15T23:55:21.403+03:00  INFO 41720 --- [           main] com.zaxxer.hikari.HikariDataSource       : HikariPool-1 - Start completed.
2024-05-15T23:55:21.465+03:00  WARN 41720 --- [           main] org.hibernate.orm.deprecation            : HHH90000025: H2Dialect does not need to be specified explicitly using 'hibernate.dialect' (remove the property setting and it will be selected by default)
2024-05-15T23:55:23.711+03:00  INFO 41720 --- [           main] o.h.e.t.j.p.i.JtaPlatformInitiator       : HHH000489: No JTA platform available (set 'hibernate.transaction.jta.platform' to enable JTA platform integration)
2024-05-15T23:55:23.790+03:00  INFO 41720 --- [           main] j.LocalContainerEntityManagerFactoryBean : Initialized JPA EntityManagerFactory for persistence unit 'default'
2024-05-15T23:55:25.701+03:00  WARN 41720 --- [           main] JpaBaseConfiguration$JpaWebConfiguration : spring.jpa.open-in-view is enabled by default. Therefore, database queries may be performed during view rendering. Explicitly configure spring.jpa.open-in-view to disable this warning
2024-05-15T23:55:27.077+03:00  INFO 41720 --- [           main] o.s.b.a.e.web.EndpointLinksResolver      : Exposing 1 endpoint(s) beneath base path '/actuator'
2024-05-15T23:55:27.135+03:00  INFO 41720 --- [           main] o.s.s.web.DefaultSecurityFilterChain     : Will secure any request with [org.springframework.security.web.session.DisableEncodeUrlFilter@4fdb338e, org.springframework.security.web.context.request.async.WebAsyncManagerIntegrationFilter@2de22e7, org.springframework.security.web.context.SecurityContextHolderFilter@372153eb, org.springframework.web.filter.CorsFilter@2c51ff83, org.springframework.security.web.csrf.CsrfFilter@6da53709, org.springframework.security.web.authentication.logout.LogoutFilter@6e774194, org.springframework.security.web.authentication.UsernamePasswordAuthenticationFilter@472073bb, org.springframework.security.web.savedrequest.RequestCacheAwareFilter@627222d8, org.springframework.security.web.servletapi.SecurityContextHolderAwareRequestFilter@7f0b32c0, org.springframework.security.web.authentication.AnonymousAuthenticationFilter@196519dd, org.springframework.security.web.access.ExceptionTranslationFilter@5ea9f2f3, org.springframework.security.web.access.intercept.AuthorizationFilter@139224ab]
2024-05-15T23:55:28.486+03:00  INFO 41720 --- [           main] o.s.b.a.h2.H2ConsoleAutoConfiguration    : H2 console available at '/h2-console'. Database available at 'jdbc:h2:file:~/quizzer'
2024-05-15T23:55:28.612+03:00  INFO 41720 --- [           main] o.s.b.t.m.w.SpringBootMockServletContext : Initializing Spring TestDispatcherServlet ''
2024-05-15T23:55:28.612+03:00  INFO 41720 --- [           main] o.s.t.web.servlet.TestDispatcherServlet  : Initializing Servlet ''
2024-05-15T23:55:28.612+03:00  INFO 41720 --- [           main] o.s.t.web.servlet.TestDispatcherServlet  : Completed initialization in 0 ms
2024-05-15T23:55:28.753+03:00  INFO 41720 --- [           main] f.h.quizzer.QuestionControllerTest       : Started QuestionControllerTest in 13.555 seconds (process running for 15.532)
2024-05-15T23:55:30.247+03:00 DEBUG 41720 --- [           main] o.s.security.web.FilterChainProxy        : Securing GET /api/QuizApp/quiz/54/questions
2024-05-15T23:55:30.262+03:00  WARN 41720 --- [           main] o.s.w.s.h.HandlerMappingIntrospector     : Cache miss for REQUEST dispatch to '/api/QuizApp/quiz/54/questions' (previous null). Performing CorsConfiguration lookup. This is logged once only at WARN level, and every time at TRACE.
2024-05-15T23:55:30.294+03:00 DEBUG 41720 --- [           main] o.s.security.web.FilterChainProxy        : Secured GET /api/QuizApp/quiz/54/questions
2024-05-15T23:55:30.419+03:00 DEBUG 41720 --- [           main] o.s.s.w.a.AnonymousAuthenticationFilter  : Set SecurityContextHolder to anonymous SecurityContext
]]></system-out>
  </testcase>
</testsuite>